{"meta": {"format": 3, "version": "7.11.0", "timestamp": "2025-10-26T17:22:39.390474", "branch_coverage": true, "show_contexts": false}, "files": {"src\\__init__.py": {"executed_lines": [], "summary": {"covered_lines": 0, "num_statements": 0, "percent_covered": 100.0, "percent_covered_display": "100", "missing_lines": 0, "excluded_lines": 0, "num_branches": 0, "num_partial_branches": 0, "covered_branches": 0, "missing_branches": 0}, "missing_lines": [], "excluded_lines": [], "executed_branches": [], "missing_branches": [], "functions": {"": {"executed_lines": [], "summary": {"covered_lines": 0, "num_statements": 0, "percent_covered": 100.0, "percent_covered_display": "100", "missing_lines": 0, "excluded_lines": 0, "num_branches": 0, "num_partial_branches": 0, "covered_branches": 0, "missing_branches": 0}, "missing_lines": [], "excluded_lines": [], "executed_branches": [], "missing_branches": []}}, "classes": {"": {"executed_lines": [], "summary": {"covered_lines": 0, "num_statements": 0, "percent_covered": 100.0, "percent_covered_display": "100", "missing_lines": 0, "excluded_lines": 0, "num_branches": 0, "num_partial_branches": 0, "covered_branches": 0, "missing_branches": 0}, "missing_lines": [], "excluded_lines": [], "executed_branches": [], "missing_branches": []}}}, "src\\bat.py": {"executed_lines": [1, 8, 9, 11, 12, 16, 24, 26, 28, 30, 34, 35, 37], "summary": {"covered_lines": 11, "num_statements": 11, "percent_covered": 100.0, "percent_covered_display": "100", "missing_lines": 0, "excluded_lines": 0, "num_branches": 2, "num_partial_branches": 0, "covered_branches": 2, "missing_branches": 0}, "missing_lines": [], "excluded_lines": [], "executed_branches": [[34, 35], [34, 37]], "missing_branches": [], "functions": {"Bat.run": {"executed_lines": [24, 26, 28], "summary": {"covered_lines": 3, "num_statements": 3, "percent_covered": 100.0, "percent_covered_display": "100", "missing_lines": 0, "excluded_lines": 0, "num_branches": 0, "num_partial_branches": 0, "covered_branches": 0, "missing_branches": 0}, "missing_lines": [], "excluded_lines": [], "executed_branches": [], "missing_branches": []}, "Bat.run_loop": {"executed_lines": [34, 35, 37], "summary": {"covered_lines": 3, "num_statements": 3, "percent_covered": 100.0, "percent_covered_display": "100", "missing_lines": 0, "excluded_lines": 0, "num_branches": 2, "num_partial_branches": 0, "covered_branches": 2, "missing_branches": 0}, "missing_lines": [], "excluded_lines": [], "executed_branches": [[34, 35], [34, 37]], "missing_branches": []}, "": {"executed_lines": [1, 8, 9, 11, 12, 16, 30], "summary": {"covered_lines": 5, "num_statements": 5, "percent_covered": 100.0, "percent_covered_display": "100", "missing_lines": 0, "excluded_lines": 0, "num_branches": 0, "num_partial_branches": 0, "covered_branches": 0, "missing_branches": 0}, "missing_lines": [], "excluded_lines": [], "executed_branches": [], "missing_branches": []}}, "classes": {"Bat": {"executed_lines": [24, 26, 28, 34, 35, 37], "summary": {"covered_lines": 6, "num_statements": 6, "percent_covered": 100.0, "percent_covered_display": "100", "missing_lines": 0, "excluded_lines": 0, "num_branches": 2, "num_partial_branches": 0, "covered_branches": 2, "missing_branches": 0}, "missing_lines": [], "excluded_lines": [], "executed_branches": [[34, 35], [34, 37]], "missing_branches": []}, "": {"executed_lines": [1, 8, 9, 11, 12, 16, 30], "summary": {"covered_lines": 5, "num_statements": 5, "percent_covered": 100.0, "percent_covered_display": "100", "missing_lines": 0, "excluded_lines": 0, "num_branches": 0, "num_partial_branches": 0, "covered_branches": 0, "missing_branches": 0}, "missing_lines": [], "excluded_lines": [], "executed_branches": [], "missing_branches": []}}}, "src\\bat_ui.py": {"executed_lines": [1, 8, 9, 10, 13, 14, 18, 27, 28, 30, 39, 40, 41, 42, 43, 44, 45, 46, 47, 48, 49, 50, 51, 52, 53, 56, 60, 62, 70, 83, 85, 86, 87, 88, 89, 90, 91, 92, 93, 94, 95, 96, 97, 98, 99, 102, 157, 203, 244, 264, 297], "summary": {"covered_lines": 49, "num_statements": 129, "percent_covered": 40.43715846994535, "percent_covered_display": "40", "missing_lines": 80, "excluded_lines": 0, "num_branches": 54, "num_partial_branches": 1, "covered_branches": 25, "missing_branches": 29}, "missing_lines": [118, 124, 125, 127, 128, 130, 131, 132, 133, 134, 135, 137, 140, 141, 143, 145, 147, 148, 150, 152, 154, 172, 178, 179, 180, 182, 184, 185, 187, 188, 189, 190, 191, 193, 194, 195, 196, 198, 199, 201, 209, 219, 221, 223, 224, 225, 226, 227, 228, 229, 230, 231, 232, 233, 235, 236, 238, 239, 240, 242, 251, 257, 258, 260, 262, 274, 280, 281, 283, 285, 286, 288, 290, 291, 293, 295, 302, 303, 304, 306], "excluded_lines": [], "executed_branches": [[40, 41], [40, 42], [42, 43], [42, 44], [44, 45], [44, 46], [46, 47], [46, 48], [48, 49], [48, 50], [50, 51], [50, 52], [52, 53], [86, 87], [86, 88], [88, 89], [88, 90], [90, 91], [90, 92], [92, 93], [92, 94], [94, 95], [94, 96], [96, 97], [96, 98]], "missing_branches": [[52, -30], [127, 128], [127, 130], [132, 133], [132, 152], [140, 141], [140, 143], [147, 148], [147, 150], [184, 185], [184, 187], [189, 190], [189, 193], [194, 195], [194, 198], [224, 225], [224, 227], [227, 228], [227, 230], [230, 231], [230, 232], [235, 236], [235, 238], [239, 240], [239, 242], [285, 286], [285, 288], [290, 291], [290, 293]], "functions": {"BatUI.__init__": {"executed_lines": [27, 28], "summary": {"covered_lines": 2, "num_statements": 2, "percent_covered": 100.0, "percent_covered_display": "100", "missing_lines": 0, "excluded_lines": 0, "num_branches": 0, "num_partial_branches": 0, "covered_branches": 0, "missing_branches": 0}, "missing_lines": [], "excluded_lines": [], "executed_branches": [], "missing_branches": []}, "BatUI.get_current_screen": {"executed_lines": [39, 40, 41, 42, 43, 44, 45, 46, 47, 48, 49, 50, 51, 52, 53], "summary": {"covered_lines": 15, "num_statements": 15, "percent_covered": 96.55172413793103, "percent_covered_display": "97", "missing_lines": 0, "excluded_lines": 0, "num_branches": 14, "num_partial_branches": 1, "covered_branches": 13, "missing_branches": 1}, "missing_lines": [], "excluded_lines": [], "executed_branches": [[40, 41], [40, 42], [42, 43], [42, 44], [44, 45], [44, 46], [46, 47], [46, 48], [48, 49], [48, 50], [50, 51], [50, 52], [52, 53]], "missing_branches": [[52, -30]]}, "BatUI.run_current_screen": {"executed_lines": [60], "summary": {"covered_lines": 1, "num_statements": 1, "percent_covered": 100.0, "percent_covered_display": "100", "missing_lines": 0, "excluded_lines": 0, "num_branches": 0, "num_partial_branches": 0, "covered_branches": 0, "missing_branches": 0}, "missing_lines": [], "excluded_lines": [], "executed_branches": [], "missing_branches": []}, "BatUI._main_menu": {"executed_lines": [70, 83, 85, 86, 87, 88, 89, 90, 91, 92, 93, 94, 95, 96, 97, 98, 99], "summary": {"covered_lines": 17, "num_statements": 17, "percent_covered": 100.0, "percent_covered_display": "100", "missing_lines": 0, "excluded_lines": 0, "num_branches": 12, "num_partial_branches": 0, "covered_branches": 12, "missing_branches": 0}, "missing_lines": [], "excluded_lines": [], "executed_branches": [[86, 87], [86, 88], [88, 89], [88, 90], [90, 91], [90, 92], [92, 93], [92, 94], [94, 95], [94, 96], [96, 97], [96, 98]], "missing_branches": []}, "BatUI._loan_item": {"executed_lines": [], "summary": {"covered_lines": 0, "num_statements": 21, "percent_covered": 0.0, "percent_covered_display": "0", "missing_lines": 21, "excluded_lines": 0, "num_branches": 8, "num_partial_branches": 0, "covered_branches": 0, "missing_branches": 8}, "missing_lines": [118, 124, 125, 127, 128, 130, 131, 132, 133, 134, 135, 137, 140, 141, 143, 145, 147, 148, 150, 152, 154], "excluded_lines": [], "executed_branches": [], "missing_branches": [[127, 128], [127, 130], [132, 133], [132, 152], [140, 141], [140, 143], [147, 148], [147, 150]]}, "BatUI._return_item": {"executed_lines": [], "summary": {"covered_lines": 0, "num_statements": 19, "percent_covered": 0.0, "percent_covered_display": "0", "missing_lines": 19, "excluded_lines": 0, "num_branches": 6, "num_partial_branches": 0, "covered_branches": 0, "missing_branches": 6}, "missing_lines": [172, 178, 179, 180, 182, 184, 185, 187, 188, 189, 190, 191, 193, 194, 195, 196, 198, 199, 201], "excluded_lines": [], "executed_branches": [], "missing_branches": [[184, 185], [184, 187], [189, 190], [189, 193], [194, 195], [194, 198]]}, "BatUI._search_for_patron": {"executed_lines": [], "summary": {"covered_lines": 0, "num_statements": 20, "percent_covered": 0.0, "percent_covered_display": "0", "missing_lines": 20, "excluded_lines": 0, "num_branches": 10, "num_partial_branches": 0, "covered_branches": 0, "missing_branches": 10}, "missing_lines": [209, 219, 221, 223, 224, 225, 226, 227, 228, 229, 230, 231, 232, 233, 235, 236, 238, 239, 240, 242], "excluded_lines": [], "executed_branches": [], "missing_branches": [[224, 225], [224, 227], [227, 228], [227, 230], [230, 231], [230, 232], [235, 236], [235, 238], [239, 240], [239, 242]]}, "BatUI._register_patron": {"executed_lines": [], "summary": {"covered_lines": 0, "num_statements": 5, "percent_covered": 0.0, "percent_covered_display": "0", "missing_lines": 5, "excluded_lines": 0, "num_branches": 0, "num_partial_branches": 0, "covered_branches": 0, "missing_branches": 0}, "missing_lines": [251, 257, 258, 260, 262], "excluded_lines": [], "executed_branches": [], "missing_branches": []}, "BatUI._access_makerspace": {"executed_lines": [], "summary": {"covered_lines": 0, "num_statements": 11, "percent_covered": 0.0, "percent_covered_display": "0", "missing_lines": 11, "excluded_lines": 0, "num_branches": 4, "num_partial_branches": 0, "covered_branches": 0, "missing_branches": 4}, "missing_lines": [274, 280, 281, 283, 285, 286, 288, 290, 291, 293, 295], "excluded_lines": [], "executed_branches": [], "missing_branches": [[285, 286], [285, 288], [290, 291], [290, 293]]}, "BatUI._quit": {"executed_lines": [], "summary": {"covered_lines": 0, "num_statements": 4, "percent_covered": 0.0, "percent_covered_display": "0", "missing_lines": 4, "excluded_lines": 0, "num_branches": 0, "num_partial_branches": 0, "covered_branches": 0, "missing_branches": 0}, "missing_lines": [302, 303, 304, 306], "excluded_lines": [], "executed_branches": [], "missing_branches": []}, "": {"executed_lines": [1, 8, 9, 10, 13, 14, 18, 30, 56, 62, 102, 157, 203, 244, 264, 297], "summary": {"covered_lines": 14, "num_statements": 14, "percent_covered": 100.0, "percent_covered_display": "100", "missing_lines": 0, "excluded_lines": 0, "num_branches": 0, "num_partial_branches": 0, "covered_branches": 0, "missing_branches": 0}, "missing_lines": [], "excluded_lines": [], "executed_branches": [], "missing_branches": []}}, "classes": {"BatUI": {"executed_lines": [27, 28, 39, 40, 41, 42, 43, 44, 45, 46, 47, 48, 49, 50, 51, 52, 53, 60, 70, 83, 85, 86, 87, 88, 89, 90, 91, 92, 93, 94, 95, 96, 97, 98, 99], "summary": {"covered_lines": 35, "num_statements": 115, "percent_covered": 35.50295857988166, "percent_covered_display": "36", "missing_lines": 80, "excluded_lines": 0, "num_branches": 54, "num_partial_branches": 1, "covered_branches": 25, "missing_branches": 29}, "missing_lines": [118, 124, 125, 127, 128, 130, 131, 132, 133, 134, 135, 137, 140, 141, 143, 145, 147, 148, 150, 152, 154, 172, 178, 179, 180, 182, 184, 185, 187, 188, 189, 190, 191, 193, 194, 195, 196, 198, 199, 201, 209, 219, 221, 223, 224, 225, 226, 227, 228, 229, 230, 231, 232, 233, 235, 236, 238, 239, 240, 242, 251, 257, 258, 260, 262, 274, 280, 281, 283, 285, 286, 288, 290, 291, 293, 295, 302, 303, 304, 306], "excluded_lines": [], "executed_branches": [[40, 41], [40, 42], [42, 43], [42, 44], [44, 45], [44, 46], [46, 47], [46, 48], [48, 49], [48, 50], [50, 51], [50, 52], [52, 53], [86, 87], [86, 88], [88, 89], [88, 90], [90, 91], [90, 92], [92, 93], [92, 94], [94, 95], [94, 96], [96, 97], [96, 98]], "missing_branches": [[52, -30], [127, 128], [127, 130], [132, 133], [132, 152], [140, 141], [140, 143], [147, 148], [147, 150], [184, 185], [184, 187], [189, 190], [189, 193], [194, 195], [194, 198], [224, 225], [224, 227], [227, 228], [227, 230], [230, 231], [230, 232], [235, 236], [235, 238], [239, 240], [239, 242], [285, 286], [285, 288], [290, 291], [290, 293]]}, "": {"executed_lines": [1, 8, 9, 10, 13, 14, 18, 30, 56, 62, 102, 157, 203, 244, 264, 297], "summary": {"covered_lines": 14, "num_statements": 14, "percent_covered": 100.0, "percent_covered_display": "100", "missing_lines": 0, "excluded_lines": 0, "num_branches": 0, "num_partial_branches": 0, "covered_branches": 0, "missing_branches": 0}, "missing_lines": [], "excluded_lines": [], "executed_branches": [], "missing_branches": []}}}, "src\\borrowable_item.py": {"executed_lines": [1, 9, 10, 21, 25, 26, 27, 28, 29, 30, 32, 38, 39, 40, 41, 42, 43, 45, 49, 50, 51, 53], "summary": {"covered_lines": 20, "num_statements": 20, "percent_covered": 100.0, "percent_covered_display": "100", "missing_lines": 0, "excluded_lines": 0, "num_branches": 0, "num_partial_branches": 0, "covered_branches": 0, "missing_branches": 0}, "missing_lines": [], "excluded_lines": [], "executed_branches": [], "missing_branches": [], "functions": {"BorrowableItem.__init__": {"executed_lines": [25, 26, 27, 28, 29, 30], "summary": {"covered_lines": 6, "num_statements": 6, "percent_covered": 100.0, "percent_covered_display": "100", "missing_lines": 0, "excluded_lines": 0, "num_branches": 0, "num_partial_branches": 0, "covered_branches": 0, "missing_branches": 0}, "missing_lines": [], "excluded_lines": [], "executed_branches": [], "missing_branches": []}, "BorrowableItem.load_data": {"executed_lines": [38, 39, 40, 41, 42, 43], "summary": {"covered_lines": 6, "num_statements": 6, "percent_covered": 100.0, "percent_covered_display": "100", "missing_lines": 0, "excluded_lines": 0, "num_branches": 0, "num_partial_branches": 0, "covered_branches": 0, "missing_branches": 0}, "missing_lines": [], "excluded_lines": [], "executed_branches": [], "missing_branches": []}, "BorrowableItem.__str__": {"executed_lines": [49, 50, 51, 53], "summary": {"covered_lines": 4, "num_statements": 4, "percent_covered": 100.0, "percent_covered_display": "100", "missing_lines": 0, "excluded_lines": 0, "num_branches": 0, "num_partial_branches": 0, "covered_branches": 0, "missing_branches": 0}, "missing_lines": [], "excluded_lines": [], "executed_branches": [], "missing_branches": []}, "": {"executed_lines": [1, 9, 10, 21, 32, 45], "summary": {"covered_lines": 4, "num_statements": 4, "percent_covered": 100.0, "percent_covered_display": "100", "missing_lines": 0, "excluded_lines": 0, "num_branches": 0, "num_partial_branches": 0, "covered_branches": 0, "missing_branches": 0}, "missing_lines": [], "excluded_lines": [], "executed_branches": [], "missing_branches": []}}, "classes": {"BorrowableItem": {"executed_lines": [25, 26, 27, 28, 29, 30, 38, 39, 40, 41, 42, 43, 49, 50, 51, 53], "summary": {"covered_lines": 16, "num_statements": 16, "percent_covered": 100.0, "percent_covered_display": "100", "missing_lines": 0, "excluded_lines": 0, "num_branches": 0, "num_partial_branches": 0, "covered_branches": 0, "missing_branches": 0}, "missing_lines": [], "excluded_lines": [], "executed_branches": [], "missing_branches": []}, "": {"executed_lines": [1, 9, 10, 21, 32, 45], "summary": {"covered_lines": 4, "num_statements": 4, "percent_covered": 100.0, "percent_covered_display": "100", "missing_lines": 0, "excluded_lines": 0, "num_branches": 0, "num_partial_branches": 0, "covered_branches": 0, "missing_branches": 0}, "missing_lines": [], "excluded_lines": [], "executed_branches": [], "missing_branches": []}}}, "src\\business_logic.py": {"executed_lines": [1, 8, 10, 12, 25, 26, 28, 29, 31, 32, 34, 37, 46, 47, 48, 49, 50, 52, 53, 55, 56, 60, 61, 65, 68, 82, 83, 85, 86, 88, 89, 91, 94, 113, 114, 115, 116, 118, 119, 121, 124, 144, 145, 147, 148, 150, 153, 156, 172, 174, 175, 177, 178, 179, 180, 182, 183, 185, 186, 188, 191, 205, 208, 209, 211, 214, 215, 217, 221, 235], "summary": {"covered_lines": 69, "num_statements": 82, "percent_covered": 85.24590163934427, "percent_covered_display": "85", "missing_lines": 13, "excluded_lines": 0, "num_branches": 40, "num_partial_branches": 3, "covered_branches": 35, "missing_branches": 5}, "missing_lines": [151, 206, 212, 230, 231, 232, 248, 250, 259, 261, 263, 265, 267], "excluded_lines": [], "executed_branches": [[25, 26], [25, 28], [28, 29], [28, 31], [31, 32], [31, 34], [52, 53], [52, 55], [55, 56], [55, 60], [60, 61], [60, 65], [82, 83], [82, 85], [88, 89], [88, 91], [115, 116], [115, 118], [118, 119], [118, 121], [147, 148], [147, 150], [150, 153], [177, 178], [177, 179], [179, 180], [179, 182], [185, 186], [185, 188], [205, 208], [208, 209], [208, 211], [211, 214], [214, 215], [214, 217]], "missing_branches": [[150, 151], [205, 206], [211, 212], [250, 259], [250, 267]], "functions": {"type_of_patron": {"executed_lines": [25, 26, 28, 29, 31, 32, 34], "summary": {"covered_lines": 7, "num_statements": 7, "percent_covered": 100.0, "percent_covered_display": "100", "missing_lines": 0, "excluded_lines": 0, "num_branches": 6, "num_partial_branches": 0, "covered_branches": 6, "missing_branches": 0}, "missing_lines": [], "excluded_lines": [], "executed_branches": [[25, 26], [25, 28], [28, 29], [28, 31], [31, 32], [31, 34]], "missing_branches": []}, "can_borrow": {"executed_lines": [46, 47, 48, 49, 50, 52, 53, 55, 56, 60, 61, 65], "summary": {"covered_lines": 12, "num_statements": 12, "percent_covered": 100.0, "percent_covered_display": "100", "missing_lines": 0, "excluded_lines": 0, "num_branches": 6, "num_partial_branches": 0, "covered_branches": 6, "missing_branches": 0}, "missing_lines": [], "excluded_lines": [], "executed_branches": [[52, 53], [52, 55], [55, 56], [55, 60], [60, 61], [60, 65]], "missing_branches": []}, "can_borrow_book": {"executed_lines": [82, 83, 85, 86, 88, 89, 91], "summary": {"covered_lines": 7, "num_statements": 7, "percent_covered": 100.0, "percent_covered_display": "100", "missing_lines": 0, "excluded_lines": 0, "num_branches": 4, "num_partial_branches": 0, "covered_branches": 4, "missing_branches": 0}, "missing_lines": [], "excluded_lines": [], "executed_branches": [[82, 83], [82, 85], [88, 89], [88, 91]], "missing_branches": []}, "can_borrow_gardening_tool": {"executed_lines": [113, 114, 115, 116, 118, 119, 121], "summary": {"covered_lines": 7, "num_statements": 7, "percent_covered": 100.0, "percent_covered_display": "100", "missing_lines": 0, "excluded_lines": 0, "num_branches": 4, "num_partial_branches": 0, "covered_branches": 4, "missing_branches": 0}, "missing_lines": [], "excluded_lines": [], "executed_branches": [[115, 116], [115, 118], [118, 119], [118, 121]], "missing_branches": []}, "can_borrow_carpentry_tool": {"executed_lines": [144, 145, 147, 148, 150, 153], "summary": {"covered_lines": 6, "num_statements": 7, "percent_covered": 81.81818181818181, "percent_covered_display": "82", "missing_lines": 1, "excluded_lines": 0, "num_branches": 4, "num_partial_branches": 1, "covered_branches": 3, "missing_branches": 1}, "missing_lines": [151], "excluded_lines": [], "executed_branches": [[147, 148], [147, 150], [150, 153]], "missing_branches": [[150, 151]]}, "can_use_makerspace": {"executed_lines": [172, 174, 175, 177, 178, 179, 180, 182, 183, 185, 186, 188], "summary": {"covered_lines": 12, "num_statements": 12, "percent_covered": 100.0, "percent_covered_display": "100", "missing_lines": 0, "excluded_lines": 0, "num_branches": 6, "num_partial_branches": 0, "covered_branches": 6, "missing_branches": 0}, "missing_lines": [], "excluded_lines": [], "executed_branches": [[177, 178], [177, 179], [179, 180], [179, 182], [185, 186], [185, 188]], "missing_branches": []}, "calculate_discount": {"executed_lines": [205, 208, 209, 211, 214, 215, 217], "summary": {"covered_lines": 7, "num_statements": 9, "percent_covered": 76.47058823529412, "percent_covered_display": "76", "missing_lines": 2, "excluded_lines": 0, "num_branches": 8, "num_partial_branches": 2, "covered_branches": 6, "missing_branches": 2}, "missing_lines": [206, 212], "excluded_lines": [], "executed_branches": [[205, 208], [208, 209], [208, 211], [211, 214], [214, 215], [214, 217]], "missing_branches": [[205, 206], [211, 212]]}, "process_return": {"executed_lines": [], "summary": {"covered_lines": 0, "num_statements": 3, "percent_covered": 0.0, "percent_covered_display": "0", "missing_lines": 3, "excluded_lines": 0, "num_branches": 0, "num_partial_branches": 0, "covered_branches": 0, "missing_branches": 0}, "missing_lines": [230, 231, 232], "excluded_lines": [], "executed_branches": [], "missing_branches": []}, "process_loan": {"executed_lines": [], "summary": {"covered_lines": 0, "num_statements": 7, "percent_covered": 0.0, "percent_covered_display": "0", "missing_lines": 7, "excluded_lines": 0, "num_branches": 2, "num_partial_branches": 0, "covered_branches": 0, "missing_branches": 2}, "missing_lines": [248, 250, 259, 261, 263, 265, 267], "excluded_lines": [], "executed_branches": [], "missing_branches": [[250, 259], [250, 267]]}, "": {"executed_lines": [1, 8, 10, 12, 37, 68, 94, 124, 156, 191, 221, 235], "summary": {"covered_lines": 11, "num_statements": 11, "percent_covered": 100.0, "percent_covered_display": "100", "missing_lines": 0, "excluded_lines": 0, "num_branches": 0, "num_partial_branches": 0, "covered_branches": 0, "missing_branches": 0}, "missing_lines": [], "excluded_lines": [], "executed_branches": [], "missing_branches": []}}, "classes": {"": {"executed_lines": [1, 8, 10, 12, 25, 26, 28, 29, 31, 32, 34, 37, 46, 47, 48, 49, 50, 52, 53, 55, 56, 60, 61, 65, 68, 82, 83, 85, 86, 88, 89, 91, 94, 113, 114, 115, 116, 118, 119, 121, 124, 144, 145, 147, 148, 150, 153, 156, 172, 174, 175, 177, 178, 179, 180, 182, 183, 185, 186, 188, 191, 205, 208, 209, 211, 214, 215, 217, 221, 235], "summary": {"covered_lines": 69, "num_statements": 82, "percent_covered": 85.24590163934427, "percent_covered_display": "85", "missing_lines": 13, "excluded_lines": 0, "num_branches": 40, "num_partial_branches": 3, "covered_branches": 35, "missing_branches": 5}, "missing_lines": [151, 206, 212, 230, 231, 232, 248, 250, 259, 261, 263, 265, 267], "excluded_lines": [], "executed_branches": [[25, 26], [25, 28], [28, 29], [28, 31], [31, 32], [31, 34], [52, 53], [52, 55], [55, 56], [55, 60], [60, 61], [60, 65], [82, 83], [82, 85], [88, 89], [88, 91], [115, 116], [115, 118], [118, 119], [118, 121], [147, 148], [147, 150], [150, 153], [177, 178], [177, 179], [179, 180], [179, 182], [185, 186], [185, 188], [205, 208], [208, 209], [208, 211], [211, 214], [214, 215], [214, 217]], "missing_branches": [[150, 151], [205, 206], [211, 212], [250, 259], [250, 267]]}}}, "src\\config.py": {"executed_lines": [1, 8, 9], "summary": {"covered_lines": 2, "num_statements": 2, "percent_covered": 100.0, "percent_covered_display": "100", "missing_lines": 0, "excluded_lines": 0, "num_branches": 0, "num_partial_branches": 0, "covered_branches": 0, "missing_branches": 0}, "missing_lines": [], "excluded_lines": [], "executed_branches": [], "missing_branches": [], "functions": {"": {"executed_lines": [1, 8, 9], "summary": {"covered_lines": 2, "num_statements": 2, "percent_covered": 100.0, "percent_covered_display": "100", "missing_lines": 0, "excluded_lines": 0, "num_branches": 0, "num_partial_branches": 0, "covered_branches": 0, "missing_branches": 0}, "missing_lines": [], "excluded_lines": [], "executed_branches": [], "missing_branches": []}}, "classes": {"": {"executed_lines": [1, 8, 9], "summary": {"covered_lines": 2, "num_statements": 2, "percent_covered": 100.0, "percent_covered_display": "100", "missing_lines": 0, "excluded_lines": 0, "num_branches": 0, "num_partial_branches": 0, "covered_branches": 0, "missing_branches": 0}, "missing_lines": [], "excluded_lines": [], "executed_branches": [], "missing_branches": []}}}, "src\\data_mgmt.py": {"executed_lines": [1, 8, 9, 11, 12, 13, 15, 16, 19, 24, 25, 26, 27, 29, 40, 42, 43, 45, 47, 53, 54, 55, 57, 58, 59, 60, 61, 63, 64, 65, 66, 68, 73, 74, 75, 76, 77, 79, 81, 87, 88, 89, 91, 92, 93, 94, 95, 97, 98, 99, 100, 102, 107, 108, 109, 110, 111, 113, 115, 116, 120, 121, 122, 134, 135, 139, 140, 141], "summary": {"covered_lines": 64, "num_statements": 68, "percent_covered": 90.47619047619048, "percent_covered_display": "90", "missing_lines": 4, "excluded_lines": 0, "num_branches": 16, "num_partial_branches": 4, "covered_branches": 12, "missing_branches": 4}, "missing_lines": [78, 112, 132, 149], "excluded_lines": [], "executed_branches": [[58, 59], [58, 63], [75, 76], [75, 79], [77, 75], [92, 93], [92, 97], [109, 110], [109, 113], [111, 109], [121, 122], [140, 141]], "missing_branches": [[77, 78], [111, 112], [121, 132], [140, 149]], "functions": {"DataManager.__init__": {"executed_lines": [24, 25, 26, 27], "summary": {"covered_lines": 4, "num_statements": 4, "percent_covered": 100.0, "percent_covered_display": "100", "missing_lines": 0, "excluded_lines": 0, "num_branches": 0, "num_partial_branches": 0, "covered_branches": 0, "missing_branches": 0}, "missing_lines": [], "excluded_lines": [], "executed_branches": [], "missing_branches": []}, "DataManager.register_patron": {"executed_lines": [40, 42, 43, 45], "summary": {"covered_lines": 4, "num_statements": 4, "percent_covered": 100.0, "percent_covered_display": "100", "missing_lines": 0, "excluded_lines": 0, "num_branches": 0, "num_partial_branches": 0, "covered_branches": 0, "missing_branches": 0}, "missing_lines": [], "excluded_lines": [], "executed_branches": [], "missing_branches": []}, "DataManager.load_patrons": {"executed_lines": [53, 54, 55, 57, 58, 59, 60, 61, 63, 64, 65, 66], "summary": {"covered_lines": 12, "num_statements": 12, "percent_covered": 100.0, "percent_covered_display": "100", "missing_lines": 0, "excluded_lines": 0, "num_branches": 2, "num_partial_branches": 0, "covered_branches": 2, "missing_branches": 0}, "missing_lines": [], "excluded_lines": [], "executed_branches": [[58, 59], [58, 63]], "missing_branches": []}, "DataManager.save_patrons": {"executed_lines": [73, 74, 75, 76, 77, 79], "summary": {"covered_lines": 6, "num_statements": 7, "percent_covered": 81.81818181818181, "percent_covered_display": "82", "missing_lines": 1, "excluded_lines": 0, "num_branches": 4, "num_partial_branches": 1, "covered_branches": 3, "missing_branches": 1}, "missing_lines": [78], "excluded_lines": [], "executed_branches": [[75, 76], [75, 79], [77, 75]], "missing_branches": [[77, 78]]}, "DataManager.load_catalogue": {"executed_lines": [87, 88, 89, 91, 92, 93, 94, 95, 97, 98, 99, 100], "summary": {"covered_lines": 12, "num_statements": 12, "percent_covered": 100.0, "percent_covered_display": "100", "missing_lines": 0, "excluded_lines": 0, "num_branches": 2, "num_partial_branches": 0, "covered_branches": 2, "missing_branches": 0}, "missing_lines": [], "excluded_lines": [], "executed_branches": [[92, 93], [92, 97]], "missing_branches": []}, "DataManager.save_catalogue": {"executed_lines": [107, 108, 109, 110, 111, 113], "summary": {"covered_lines": 6, "num_statements": 7, "percent_covered": 81.81818181818181, "percent_covered_display": "82", "missing_lines": 1, "excluded_lines": 0, "num_branches": 4, "num_partial_branches": 1, "covered_branches": 3, "missing_branches": 1}, "missing_lines": [112], "excluded_lines": [], "executed_branches": [[109, 110], [109, 113], [111, 109]], "missing_branches": [[111, 112]]}, "DataManager.PatronEncoder.default": {"executed_lines": [121, 122], "summary": {"covered_lines": 2, "num_statements": 3, "percent_covered": 60.0, "percent_covered_display": "60", "missing_lines": 1, "excluded_lines": 0, "num_branches": 2, "num_partial_branches": 1, "covered_branches": 1, "missing_branches": 1}, "missing_lines": [132], "excluded_lines": [], "executed_branches": [[121, 122]], "missing_branches": [[121, 132]]}, "DataManager.BorrowableItemEncoder.default": {"executed_lines": [140, 141], "summary": {"covered_lines": 2, "num_statements": 3, "percent_covered": 60.0, "percent_covered_display": "60", "missing_lines": 1, "excluded_lines": 0, "num_branches": 2, "num_partial_branches": 1, "covered_branches": 1, "missing_branches": 1}, "missing_lines": [149], "excluded_lines": [], "executed_branches": [[140, 141]], "missing_branches": [[140, 149]]}, "": {"executed_lines": [1, 8, 9, 11, 12, 13, 15, 16, 19, 29, 47, 68, 81, 102, 115, 116, 120, 134, 135, 139], "summary": {"covered_lines": 16, "num_statements": 16, "percent_covered": 100.0, "percent_covered_display": "100", "missing_lines": 0, "excluded_lines": 0, "num_branches": 0, "num_partial_branches": 0, "covered_branches": 0, "missing_branches": 0}, "missing_lines": [], "excluded_lines": [], "executed_branches": [], "missing_branches": []}}, "classes": {"DataManager": {"executed_lines": [24, 25, 26, 27, 40, 42, 43, 45, 53, 54, 55, 57, 58, 59, 60, 61, 63, 64, 65, 66, 73, 74, 75, 76, 77, 79, 87, 88, 89, 91, 92, 93, 94, 95, 97, 98, 99, 100, 107, 108, 109, 110, 111, 113], "summary": {"covered_lines": 44, "num_statements": 46, "percent_covered": 93.10344827586206, "percent_covered_display": "93", "missing_lines": 2, "excluded_lines": 0, "num_branches": 12, "num_partial_branches": 2, "covered_branches": 10, "missing_branches": 2}, "missing_lines": [78, 112], "excluded_lines": [], "executed_branches": [[58, 59], [58, 63], [75, 76], [75, 79], [77, 75], [92, 93], [92, 97], [109, 110], [109, 113], [111, 109]], "missing_branches": [[77, 78], [111, 112]]}, "DataManager.PatronEncoder": {"executed_lines": [121, 122], "summary": {"covered_lines": 2, "num_statements": 3, "percent_covered": 60.0, "percent_covered_display": "60", "missing_lines": 1, "excluded_lines": 0, "num_branches": 2, "num_partial_branches": 1, "covered_branches": 1, "missing_branches": 1}, "missing_lines": [132], "excluded_lines": [], "executed_branches": [[121, 122]], "missing_branches": [[121, 132]]}, "DataManager.BorrowableItemEncoder": {"executed_lines": [140, 141], "summary": {"covered_lines": 2, "num_statements": 3, "percent_covered": 60.0, "percent_covered_display": "60", "missing_lines": 1, "excluded_lines": 0, "num_branches": 2, "num_partial_branches": 1, "covered_branches": 1, "missing_branches": 1}, "missing_lines": [149], "excluded_lines": [], "executed_branches": [[140, 141]], "missing_branches": [[140, 149]]}, "": {"executed_lines": [1, 8, 9, 11, 12, 13, 15, 16, 19, 29, 47, 68, 81, 102, 115, 116, 120, 134, 135, 139], "summary": {"covered_lines": 16, "num_statements": 16, "percent_covered": 100.0, "percent_covered_display": "100", "missing_lines": 0, "excluded_lines": 0, "num_branches": 0, "num_partial_branches": 0, "covered_branches": 0, "missing_branches": 0}, "missing_lines": [], "excluded_lines": [], "executed_branches": [], "missing_branches": []}}}, "src\\loan.py": {"executed_lines": [1, 8, 9, 15, 22, 23, 25, 29, 31, 35, 40], "summary": {"covered_lines": 9, "num_statements": 9, "percent_covered": 100.0, "percent_covered_display": "100", "missing_lines": 0, "excluded_lines": 0, "num_branches": 0, "num_partial_branches": 0, "covered_branches": 0, "missing_branches": 0}, "missing_lines": [], "excluded_lines": [], "executed_branches": [], "missing_branches": [], "functions": {"Loan.__init__": {"executed_lines": [22, 23], "summary": {"covered_lines": 2, "num_statements": 2, "percent_covered": 100.0, "percent_covered_display": "100", "missing_lines": 0, "excluded_lines": 0, "num_branches": 0, "num_partial_branches": 0, "covered_branches": 0, "missing_branches": 0}, "missing_lines": [], "excluded_lines": [], "executed_branches": [], "missing_branches": []}, "Loan.get_due_date": {"executed_lines": [29], "summary": {"covered_lines": 1, "num_statements": 1, "percent_covered": 100.0, "percent_covered_display": "100", "missing_lines": 0, "excluded_lines": 0, "num_branches": 0, "num_partial_branches": 0, "covered_branches": 0, "missing_branches": 0}, "missing_lines": [], "excluded_lines": [], "executed_branches": [], "missing_branches": []}, "Loan.__str__": {"executed_lines": [35, 40], "summary": {"covered_lines": 2, "num_statements": 2, "percent_covered": 100.0, "percent_covered_display": "100", "missing_lines": 0, "excluded_lines": 0, "num_branches": 0, "num_partial_branches": 0, "covered_branches": 0, "missing_branches": 0}, "missing_lines": [], "excluded_lines": [], "executed_branches": [], "missing_branches": []}, "": {"executed_lines": [1, 8, 9, 15, 25, 31], "summary": {"covered_lines": 4, "num_statements": 4, "percent_covered": 100.0, "percent_covered_display": "100", "missing_lines": 0, "excluded_lines": 0, "num_branches": 0, "num_partial_branches": 0, "covered_branches": 0, "missing_branches": 0}, "missing_lines": [], "excluded_lines": [], "executed_branches": [], "missing_branches": []}}, "classes": {"Loan": {"executed_lines": [22, 23, 29, 35, 40], "summary": {"covered_lines": 5, "num_statements": 5, "percent_covered": 100.0, "percent_covered_display": "100", "missing_lines": 0, "excluded_lines": 0, "num_branches": 0, "num_partial_branches": 0, "covered_branches": 0, "missing_branches": 0}, "missing_lines": [], "excluded_lines": [], "executed_branches": [], "missing_branches": []}, "": {"executed_lines": [1, 8, 9, 15, 25, 31], "summary": {"covered_lines": 4, "num_statements": 4, "percent_covered": 100.0, "percent_covered_display": "100", "missing_lines": 0, "excluded_lines": 0, "num_branches": 0, "num_partial_branches": 0, "covered_branches": 0, "missing_branches": 0}, "missing_lines": [], "excluded_lines": [], "executed_branches": [], "missing_branches": []}}}, "src\\patron.py": {"executed_lines": [1, 8, 10, 11, 13, 14, 27, 31, 32, 33, 34, 35, 36, 37, 38, 40, 46, 47, 48, 49, 50, 51, 52, 53, 55, 59, 60, 61, 62, 63, 64, 65, 66, 68, 70, 80, 81, 82, 83, 85, 95, 96, 97, 98, 99, 100, 101, 103, 107, 108, 110, 113, 115, 116, 117, 118, 119, 120, 121, 123, 124, 126, 127, 129, 130, 131, 133], "summary": {"covered_lines": 65, "num_statements": 65, "percent_covered": 95.40229885057471, "percent_covered_display": "95", "missing_lines": 0, "excluded_lines": 0, "num_branches": 22, "num_partial_branches": 4, "covered_branches": 18, "missing_branches": 4}, "missing_lines": [], "excluded_lines": [], "executed_branches": [[60, 61], [60, 68], [63, 64], [80, 81], [80, 83], [81, 80], [81, 82], [110, 113], [110, 115], [116, 117], [118, 119], [120, 121], [123, 124], [123, 126], [126, 127], [126, 129], [130, 131], [130, 133]], "missing_branches": [[63, 60], [116, 118], [118, 120], [120, 123]], "functions": {"Patron.__init__": {"executed_lines": [31, 32, 33, 34, 35, 36, 37, 38], "summary": {"covered_lines": 8, "num_statements": 8, "percent_covered": 100.0, "percent_covered_display": "100", "missing_lines": 0, "excluded_lines": 0, "num_branches": 0, "num_partial_branches": 0, "covered_branches": 0, "missing_branches": 0}, "missing_lines": [], "excluded_lines": [], "executed_branches": [], "missing_branches": []}, "Patron.load_data": {"executed_lines": [46, 47, 48, 49, 50, 51, 52, 53], "summary": {"covered_lines": 8, "num_statements": 8, "percent_covered": 100.0, "percent_covered_display": "100", "missing_lines": 0, "excluded_lines": 0, "num_branches": 0, "num_partial_branches": 0, "covered_branches": 0, "missing_branches": 0}, "missing_lines": [], "excluded_lines": [], "executed_branches": [], "missing_branches": []}, "Patron.load_loans": {"executed_lines": [59, 60, 61, 62, 63, 64, 65, 66, 68], "summary": {"covered_lines": 9, "num_statements": 9, "percent_covered": 92.3076923076923, "percent_covered_display": "92", "missing_lines": 0, "excluded_lines": 0, "num_branches": 4, "num_partial_branches": 1, "covered_branches": 3, "missing_branches": 1}, "missing_lines": [], "excluded_lines": [], "executed_branches": [[60, 61], [60, 68], [63, 64]], "missing_branches": [[63, 60]]}, "Patron.find_loan": {"executed_lines": [80, 81, 82, 83], "summary": {"covered_lines": 4, "num_statements": 4, "percent_covered": 100.0, "percent_covered_display": "100", "missing_lines": 0, "excluded_lines": 0, "num_branches": 4, "num_partial_branches": 0, "covered_branches": 4, "missing_branches": 0}, "missing_lines": [], "excluded_lines": [], "executed_branches": [[80, 81], [80, 83], [81, 80], [81, 82]], "missing_branches": []}, "Patron.set_new_patron_data": {"executed_lines": [95, 96, 97, 98, 99, 100, 101], "summary": {"covered_lines": 7, "num_statements": 7, "percent_covered": 100.0, "percent_covered_display": "100", "missing_lines": 0, "excluded_lines": 0, "num_branches": 0, "num_partial_branches": 0, "covered_branches": 0, "missing_branches": 0}, "missing_lines": [], "excluded_lines": [], "executed_branches": [], "missing_branches": []}, "Patron.__str__": {"executed_lines": [107, 108, 110, 113, 115, 116, 117, 118, 119, 120, 121, 123, 124, 126, 127, 129, 130, 131, 133], "summary": {"covered_lines": 19, "num_statements": 19, "percent_covered": 90.9090909090909, "percent_covered_display": "91", "missing_lines": 0, "excluded_lines": 0, "num_branches": 14, "num_partial_branches": 3, "covered_branches": 11, "missing_branches": 3}, "missing_lines": [], "excluded_lines": [], "executed_branches": [[110, 113], [110, 115], [116, 117], [118, 119], [120, 121], [123, 124], [123, 126], [126, 127], [126, 129], [130, 131], [130, 133]], "missing_branches": [[116, 118], [118, 120], [120, 123]]}, "": {"executed_lines": [1, 8, 10, 11, 13, 14, 27, 40, 55, 70, 85, 103], "summary": {"covered_lines": 10, "num_statements": 10, "percent_covered": 100.0, "percent_covered_display": "100", "missing_lines": 0, "excluded_lines": 0, "num_branches": 0, "num_partial_branches": 0, "covered_branches": 0, "missing_branches": 0}, "missing_lines": [], "excluded_lines": [], "executed_branches": [], "missing_branches": []}}, "classes": {"Patron": {"executed_lines": [31, 32, 33, 34, 35, 36, 37, 38, 46, 47, 48, 49, 50, 51, 52, 53, 59, 60, 61, 62, 63, 64, 65, 66, 68, 80, 81, 82, 83, 95, 96, 97, 98, 99, 100, 101, 107, 108, 110, 113, 115, 116, 117, 118, 119, 120, 121, 123, 124, 126, 127, 129, 130, 131, 133], "summary": {"covered_lines": 55, "num_statements": 55, "percent_covered": 94.8051948051948, "percent_covered_display": "95", "missing_lines": 0, "excluded_lines": 0, "num_branches": 22, "num_partial_branches": 4, "covered_branches": 18, "missing_branches": 4}, "missing_lines": [], "excluded_lines": [], "executed_branches": [[60, 61], [60, 68], [63, 64], [80, 81], [80, 83], [81, 80], [81, 82], [110, 113], [110, 115], [116, 117], [118, 119], [120, 121], [123, 124], [123, 126], [126, 127], [126, 129], [130, 131], [130, 133]], "missing_branches": [[63, 60], [116, 118], [118, 120], [120, 123]]}, "": {"executed_lines": [1, 8, 10, 11, 13, 14, 27, 40, 55, 70, 85, 103], "summary": {"covered_lines": 10, "num_statements": 10, "percent_covered": 100.0, "percent_covered_display": "100", "missing_lines": 0, "excluded_lines": 0, "num_branches": 0, "num_partial_branches": 0, "covered_branches": 0, "missing_branches": 0}, "missing_lines": [], "excluded_lines": [], "executed_branches": [], "missing_branches": []}}}, "src\\search.py": {"executed_lines": [1, 8, 20, 22, 23, 24, 26, 29, 40, 42, 43, 44, 46, 49, 62, 63, 64, 66, 69], "summary": {"covered_lines": 18, "num_statements": 23, "percent_covered": 76.92307692307692, "percent_covered_display": "77", "missing_lines": 5, "excluded_lines": 0, "num_branches": 16, "num_partial_branches": 0, "covered_branches": 12, "missing_branches": 4}, "missing_lines": [79, 81, 82, 83, 85], "excluded_lines": [], "executed_branches": [[22, 23], [22, 26], [23, 22], [23, 24], [42, 43], [42, 46], [43, 42], [43, 44], [62, 63], [62, 66], [63, 62], [63, 64]], "missing_branches": [[81, 82], [81, 85], [82, 81], [82, 83]], "functions": {"find_patron_by_name": {"executed_lines": [20, 22, 23, 24, 26], "summary": {"covered_lines": 5, "num_statements": 5, "percent_covered": 100.0, "percent_covered_display": "100", "missing_lines": 0, "excluded_lines": 0, "num_branches": 4, "num_partial_branches": 0, "covered_branches": 4, "missing_branches": 0}, "missing_lines": [], "excluded_lines": [], "executed_branches": [[22, 23], [22, 26], [23, 22], [23, 24]], "missing_branches": []}, "find_patron_by_age": {"executed_lines": [40, 42, 43, 44, 46], "summary": {"covered_lines": 5, "num_statements": 5, "percent_covered": 100.0, "percent_covered_display": "100", "missing_lines": 0, "excluded_lines": 0, "num_branches": 4, "num_partial_branches": 0, "covered_branches": 4, "missing_branches": 0}, "missing_lines": [], "excluded_lines": [], "executed_branches": [[42, 43], [42, 46], [43, 42], [43, 44]], "missing_branches": []}, "find_patron_by_name_and_age": {"executed_lines": [62, 63, 64, 66], "summary": {"covered_lines": 4, "num_statements": 4, "percent_covered": 100.0, "percent_covered_display": "100", "missing_lines": 0, "excluded_lines": 0, "num_branches": 4, "num_partial_branches": 0, "covered_branches": 4, "missing_branches": 0}, "missing_lines": [], "excluded_lines": [], "executed_branches": [[62, 63], [62, 66], [63, 62], [63, 64]], "missing_branches": []}, "find_item_by_id": {"executed_lines": [], "summary": {"covered_lines": 0, "num_statements": 5, "percent_covered": 0.0, "percent_covered_display": "0", "missing_lines": 5, "excluded_lines": 0, "num_branches": 4, "num_partial_branches": 0, "covered_branches": 0, "missing_branches": 4}, "missing_lines": [79, 81, 82, 83, 85], "excluded_lines": [], "executed_branches": [], "missing_branches": [[81, 82], [81, 85], [82, 81], [82, 83]]}, "": {"executed_lines": [1, 8, 29, 49, 69], "summary": {"covered_lines": 4, "num_statements": 4, "percent_covered": 100.0, "percent_covered_display": "100", "missing_lines": 0, "excluded_lines": 0, "num_branches": 0, "num_partial_branches": 0, "covered_branches": 0, "missing_branches": 0}, "missing_lines": [], "excluded_lines": [], "executed_branches": [], "missing_branches": []}}, "classes": {"": {"executed_lines": [1, 8, 20, 22, 23, 24, 26, 29, 40, 42, 43, 44, 46, 49, 62, 63, 64, 66, 69], "summary": {"covered_lines": 18, "num_statements": 23, "percent_covered": 76.92307692307692, "percent_covered_display": "77", "missing_lines": 5, "excluded_lines": 0, "num_branches": 16, "num_partial_branches": 0, "covered_branches": 12, "missing_branches": 4}, "missing_lines": [79, 81, 82, 83, 85], "excluded_lines": [], "executed_branches": [[22, 23], [22, 26], [23, 22], [23, 24], [42, 43], [42, 46], [43, 42], [43, 44], [62, 63], [62, 66], [63, 62], [63, 64]], "missing_branches": [[81, 82], [81, 85], [82, 81], [82, 83]]}}}, "src\\user_input.py": {"executed_lines": [1, 8, 17, 18, 19, 20, 21, 24, 33, 34, 35, 36, 37, 40, 49, 52, 62, 63, 64, 65, 66, 67, 70, 80, 81, 82, 83, 84, 85, 88, 101, 102, 103, 104, 105, 108, 121, 122, 123, 124, 125, 128, 140, 141, 142, 143, 144], "summary": {"covered_lines": 46, "num_statements": 46, "percent_covered": 100.0, "percent_covered_display": "100", "missing_lines": 0, "excluded_lines": 0, "num_branches": 10, "num_partial_branches": 0, "covered_branches": 10, "missing_branches": 0}, "missing_lines": [], "excluded_lines": [], "executed_branches": [[63, 64], [63, 66], [81, 82], [81, 84], [102, 103], [102, 105], [122, 123], [122, 125], [141, 142], [141, 144]], "missing_branches": [], "functions": {"is_int": {"executed_lines": [17, 18, 19, 20, 21], "summary": {"covered_lines": 5, "num_statements": 5, "percent_covered": 100.0, "percent_covered_display": "100", "missing_lines": 0, "excluded_lines": 0, "num_branches": 0, "num_partial_branches": 0, "covered_branches": 0, "missing_branches": 0}, "missing_lines": [], "excluded_lines": [], "executed_branches": [], "missing_branches": []}, "is_float": {"executed_lines": [33, 34, 35, 36, 37], "summary": {"covered_lines": 5, "num_statements": 5, "percent_covered": 100.0, "percent_covered_display": "100", "missing_lines": 0, "excluded_lines": 0, "num_branches": 0, "num_partial_branches": 0, "covered_branches": 0, "missing_branches": 0}, "missing_lines": [], "excluded_lines": [], "executed_branches": [], "missing_branches": []}, "read_string": {"executed_lines": [49], "summary": {"covered_lines": 1, "num_statements": 1, "percent_covered": 100.0, "percent_covered_display": "100", "missing_lines": 0, "excluded_lines": 0, "num_branches": 0, "num_partial_branches": 0, "covered_branches": 0, "missing_branches": 0}, "missing_lines": [], "excluded_lines": [], "executed_branches": [], "missing_branches": []}, "read_integer": {"executed_lines": [62, 63, 64, 65, 66, 67], "summary": {"covered_lines": 6, "num_statements": 6, "percent_covered": 100.0, "percent_covered_display": "100", "missing_lines": 0, "excluded_lines": 0, "num_branches": 2, "num_partial_branches": 0, "covered_branches": 2, "missing_branches": 0}, "missing_lines": [], "excluded_lines": [], "executed_branches": [[63, 64], [63, 66]], "missing_branches": []}, "read_float": {"executed_lines": [80, 81, 82, 83, 84, 85], "summary": {"covered_lines": 6, "num_statements": 6, "percent_covered": 100.0, "percent_covered_display": "100", "missing_lines": 0, "excluded_lines": 0, "num_branches": 2, "num_partial_branches": 0, "covered_branches": 2, "missing_branches": 0}, "missing_lines": [], "excluded_lines": [], "executed_branches": [[81, 82], [81, 84]], "missing_branches": []}, "read_integer_range": {"executed_lines": [101, 102, 103, 104, 105], "summary": {"covered_lines": 5, "num_statements": 5, "percent_covered": 100.0, "percent_covered_display": "100", "missing_lines": 0, "excluded_lines": 0, "num_branches": 2, "num_partial_branches": 0, "covered_branches": 2, "missing_branches": 0}, "missing_lines": [], "excluded_lines": [], "executed_branches": [[102, 103], [102, 105]], "missing_branches": []}, "read_float_range": {"executed_lines": [121, 122, 123, 124, 125], "summary": {"covered_lines": 5, "num_statements": 5, "percent_covered": 100.0, "percent_covered_display": "100", "missing_lines": 0, "excluded_lines": 0, "num_branches": 2, "num_partial_branches": 0, "covered_branches": 2, "missing_branches": 0}, "missing_lines": [], "excluded_lines": [], "executed_branches": [[122, 123], [122, 125]], "missing_branches": []}, "read_bool": {"executed_lines": [140, 141, 142, 143, 144], "summary": {"covered_lines": 5, "num_statements": 5, "percent_covered": 100.0, "percent_covered_display": "100", "missing_lines": 0, "excluded_lines": 0, "num_branches": 2, "num_partial_branches": 0, "covered_branches": 2, "missing_branches": 0}, "missing_lines": [], "excluded_lines": [], "executed_branches": [[141, 142], [141, 144]], "missing_branches": []}, "": {"executed_lines": [1, 8, 24, 40, 52, 70, 88, 108, 128], "summary": {"covered_lines": 8, "num_statements": 8, "percent_covered": 100.0, "percent_covered_display": "100", "missing_lines": 0, "excluded_lines": 0, "num_branches": 0, "num_partial_branches": 0, "covered_branches": 0, "missing_branches": 0}, "missing_lines": [], "excluded_lines": [], "executed_branches": [], "missing_branches": []}}, "classes": {"": {"executed_lines": [1, 8, 17, 18, 19, 20, 21, 24, 33, 34, 35, 36, 37, 40, 49, 52, 62, 63, 64, 65, 66, 67, 70, 80, 81, 82, 83, 84, 85, 88, 101, 102, 103, 104, 105, 108, 121, 122, 123, 124, 125, 128, 140, 141, 142, 143, 144], "summary": {"covered_lines": 46, "num_statements": 46, "percent_covered": 100.0, "percent_covered_display": "100", "missing_lines": 0, "excluded_lines": 0, "num_branches": 10, "num_partial_branches": 0, "covered_branches": 10, "missing_branches": 0}, "missing_lines": [], "excluded_lines": [], "executed_branches": [[63, 64], [63, 66], [81, 82], [81, 84], [102, 103], [102, 105], [122, 123], [122, 125], [141, 142], [141, 144]], "missing_branches": []}}}}, "totals": {"covered_lines": 353, "num_statements": 455, "percent_covered": 75.9349593495935, "percent_covered_display": "76", "missing_lines": 102, "excluded_lines": 0, "num_branches": 160, "num_partial_branches": 12, "covered_branches": 114, "missing_branches": 46}}