{"meta": {"format": 3, "version": "7.11.0", "timestamp": "2025-10-24T16:21:10.599976", "branch_coverage": false, "show_contexts": false}, "files": {"src\\__init__.py": {"executed_lines": [0], "summary": {"covered_lines": 0, "num_statements": 0, "percent_covered": 100.0, "percent_covered_display": "100", "missing_lines": 0, "excluded_lines": 0}, "missing_lines": [], "excluded_lines": [], "functions": {"": {"executed_lines": [], "summary": {"covered_lines": 0, "num_statements": 0, "percent_covered": 100.0, "percent_covered_display": "100", "missing_lines": 0, "excluded_lines": 0}, "missing_lines": [], "excluded_lines": []}}, "classes": {"": {"executed_lines": [], "summary": {"covered_lines": 0, "num_statements": 0, "percent_covered": 100.0, "percent_covered_display": "100", "missing_lines": 0, "excluded_lines": 0}, "missing_lines": [], "excluded_lines": []}}}, "src\\business_logic.py": {"executed_lines": [1, 8, 10, 12, 37, 68, 82, 83, 85, 86, 88, 89, 91, 94, 124, 156, 191, 205, 208, 209, 211, 214, 215, 221, 235], "summary": {"covered_lines": 24, "num_statements": 82, "percent_covered": 29.26829268292683, "percent_covered_display": "29", "missing_lines": 58, "excluded_lines": 0}, "missing_lines": [25, 26, 28, 29, 31, 32, 34, 46, 47, 48, 49, 50, 52, 53, 55, 56, 60, 61, 65, 113, 114, 115, 116, 118, 119, 121, 144, 145, 147, 148, 150, 151, 153, 172, 174, 175, 177, 178, 179, 180, 182, 183, 185, 186, 188, 206, 212, 217, 230, 231, 232, 248, 250, 259, 261, 263, 265, 267], "excluded_lines": [], "functions": {"type_of_patron": {"executed_lines": [], "summary": {"covered_lines": 0, "num_statements": 7, "percent_covered": 0.0, "percent_covered_display": "0", "missing_lines": 7, "excluded_lines": 0}, "missing_lines": [25, 26, 28, 29, 31, 32, 34], "excluded_lines": []}, "can_borrow": {"executed_lines": [], "summary": {"covered_lines": 0, "num_statements": 12, "percent_covered": 0.0, "percent_covered_display": "0", "missing_lines": 12, "excluded_lines": 0}, "missing_lines": [46, 47, 48, 49, 50, 52, 53, 55, 56, 60, 61, 65], "excluded_lines": []}, "can_borrow_book": {"executed_lines": [82, 83, 85, 86, 88, 89, 91], "summary": {"covered_lines": 7, "num_statements": 7, "percent_covered": 100.0, "percent_covered_display": "100", "missing_lines": 0, "excluded_lines": 0}, "missing_lines": [], "excluded_lines": []}, "can_borrow_gardening_tool": {"executed_lines": [], "summary": {"covered_lines": 0, "num_statements": 7, "percent_covered": 0.0, "percent_covered_display": "0", "missing_lines": 7, "excluded_lines": 0}, "missing_lines": [113, 114, 115, 116, 118, 119, 121], "excluded_lines": []}, "can_borrow_carpentry_tool": {"executed_lines": [], "summary": {"covered_lines": 0, "num_statements": 7, "percent_covered": 0.0, "percent_covered_display": "0", "missing_lines": 7, "excluded_lines": 0}, "missing_lines": [144, 145, 147, 148, 150, 151, 153], "excluded_lines": []}, "can_use_makerspace": {"executed_lines": [], "summary": {"covered_lines": 0, "num_statements": 12, "percent_covered": 0.0, "percent_covered_display": "0", "missing_lines": 12, "excluded_lines": 0}, "missing_lines": [172, 174, 175, 177, 178, 179, 180, 182, 183, 185, 186, 188], "excluded_lines": []}, "calculate_discount": {"executed_lines": [205, 208, 209, 211, 214, 215], "summary": {"covered_lines": 6, "num_statements": 9, "percent_covered": 66.66666666666667, "percent_covered_display": "67", "missing_lines": 3, "excluded_lines": 0}, "missing_lines": [206, 212, 217], "excluded_lines": []}, "process_return": {"executed_lines": [], "summary": {"covered_lines": 0, "num_statements": 3, "percent_covered": 0.0, "percent_covered_display": "0", "missing_lines": 3, "excluded_lines": 0}, "missing_lines": [230, 231, 232], "excluded_lines": []}, "process_loan": {"executed_lines": [], "summary": {"covered_lines": 0, "num_statements": 7, "percent_covered": 0.0, "percent_covered_display": "0", "missing_lines": 7, "excluded_lines": 0}, "missing_lines": [248, 250, 259, 261, 263, 265, 267], "excluded_lines": []}, "": {"executed_lines": [1, 8, 10, 12, 37, 68, 94, 124, 156, 191, 221, 235], "summary": {"covered_lines": 11, "num_statements": 11, "percent_covered": 100.0, "percent_covered_display": "100", "missing_lines": 0, "excluded_lines": 0}, "missing_lines": [], "excluded_lines": []}}, "classes": {"": {"executed_lines": [1, 8, 10, 12, 37, 68, 82, 83, 85, 86, 88, 89, 91, 94, 124, 156, 191, 205, 208, 209, 211, 214, 215, 221, 235], "summary": {"covered_lines": 24, "num_statements": 82, "percent_covered": 29.26829268292683, "percent_covered_display": "29", "missing_lines": 58, "excluded_lines": 0}, "missing_lines": [25, 26, 28, 29, 31, 32, 34, 46, 47, 48, 49, 50, 52, 53, 55, 56, 60, 61, 65, 113, 114, 115, 116, 118, 119, 121, 144, 145, 147, 148, 150, 151, 153, 172, 174, 175, 177, 178, 179, 180, 182, 183, 185, 186, 188, 206, 212, 217, 230, 231, 232, 248, 250, 259, 261, 263, 265, 267], "excluded_lines": []}}}, "src\\loan.py": {"executed_lines": [1, 8, 9, 15, 25, 31], "summary": {"covered_lines": 4, "num_statements": 9, "percent_covered": 44.44444444444444, "percent_covered_display": "44", "missing_lines": 5, "excluded_lines": 0}, "missing_lines": [22, 23, 29, 35, 40], "excluded_lines": [], "functions": {"Loan.__init__": {"executed_lines": [], "summary": {"covered_lines": 0, "num_statements": 2, "percent_covered": 0.0, "percent_covered_display": "0", "missing_lines": 2, "excluded_lines": 0}, "missing_lines": [22, 23], "excluded_lines": []}, "Loan.get_due_date": {"executed_lines": [], "summary": {"covered_lines": 0, "num_statements": 1, "percent_covered": 0.0, "percent_covered_display": "0", "missing_lines": 1, "excluded_lines": 0}, "missing_lines": [29], "excluded_lines": []}, "Loan.__str__": {"executed_lines": [], "summary": {"covered_lines": 0, "num_statements": 2, "percent_covered": 0.0, "percent_covered_display": "0", "missing_lines": 2, "excluded_lines": 0}, "missing_lines": [35, 40], "excluded_lines": []}, "": {"executed_lines": [1, 8, 9, 15, 25, 31], "summary": {"covered_lines": 4, "num_statements": 4, "percent_covered": 100.0, "percent_covered_display": "100", "missing_lines": 0, "excluded_lines": 0}, "missing_lines": [], "excluded_lines": []}}, "classes": {"Loan": {"executed_lines": [], "summary": {"covered_lines": 0, "num_statements": 5, "percent_covered": 0.0, "percent_covered_display": "0", "missing_lines": 5, "excluded_lines": 0}, "missing_lines": [22, 23, 29, 35, 40], "excluded_lines": []}, "": {"executed_lines": [1, 8, 9, 15, 25, 31], "summary": {"covered_lines": 4, "num_statements": 4, "percent_covered": 100.0, "percent_covered_display": "100", "missing_lines": 0, "excluded_lines": 0}, "missing_lines": [], "excluded_lines": []}}}, "tests\\__init__.py": {"executed_lines": [0], "summary": {"covered_lines": 0, "num_statements": 0, "percent_covered": 100.0, "percent_covered_display": "100", "missing_lines": 0, "excluded_lines": 0}, "missing_lines": [], "excluded_lines": [], "functions": {"": {"executed_lines": [], "summary": {"covered_lines": 0, "num_statements": 0, "percent_covered": 100.0, "percent_covered_display": "100", "missing_lines": 0, "excluded_lines": 0}, "missing_lines": [], "excluded_lines": []}}, "classes": {"": {"executed_lines": [], "summary": {"covered_lines": 0, "num_statements": 0, "percent_covered": 100.0, "percent_covered_display": "100", "missing_lines": 0, "excluded_lines": 0}, "missing_lines": [], "excluded_lines": []}}}, "tests\\test_C1.py": {"executed_lines": [1, 2, 4, 5, 7, 8, 10, 12, 13, 15, 17, 18, 20, 22, 23, 25, 27, 28], "summary": {"covered_lines": 18, "num_statements": 18, "percent_covered": 100.0, "percent_covered_display": "100", "missing_lines": 0, "excluded_lines": 0}, "missing_lines": [], "excluded_lines": [], "functions": {"TestCanBorrowBook.test_over_8_weeks": {"executed_lines": [7, 8], "summary": {"covered_lines": 2, "num_statements": 2, "percent_covered": 100.0, "percent_covered_display": "100", "missing_lines": 0, "excluded_lines": 0}, "missing_lines": [], "excluded_lines": []}, "TestCanBorrowBook.test_has_fees": {"executed_lines": [12, 13], "summary": {"covered_lines": 2, "num_statements": 2, "percent_covered": 100.0, "percent_covered_display": "100", "missing_lines": 0, "excluded_lines": 0}, "missing_lines": [], "excluded_lines": []}, "TestCanBorrowBook.test_no_fees_and_short_loan": {"executed_lines": [17, 18], "summary": {"covered_lines": 2, "num_statements": 2, "percent_covered": 100.0, "percent_covered_display": "100", "missing_lines": 0, "excluded_lines": 0}, "missing_lines": [], "excluded_lines": []}, "TestCanBorrowBook.test_fees_reduced_but_not_zero": {"executed_lines": [22, 23], "summary": {"covered_lines": 2, "num_statements": 2, "percent_covered": 100.0, "percent_covered_display": "100", "missing_lines": 0, "excluded_lines": 0}, "missing_lines": [], "excluded_lines": []}, "TestCanBorrowBook.test_discount_clears_fees": {"executed_lines": [27, 28], "summary": {"covered_lines": 2, "num_statements": 2, "percent_covered": 100.0, "percent_covered_display": "100", "missing_lines": 0, "excluded_lines": 0}, "missing_lines": [], "excluded_lines": []}, "": {"executed_lines": [1, 2, 4, 5, 10, 15, 20, 25], "summary": {"covered_lines": 8, "num_statements": 8, "percent_covered": 100.0, "percent_covered_display": "100", "missing_lines": 0, "excluded_lines": 0}, "missing_lines": [], "excluded_lines": []}}, "classes": {"TestCanBorrowBook": {"executed_lines": [7, 8, 12, 13, 17, 18, 22, 23, 27, 28], "summary": {"covered_lines": 10, "num_statements": 10, "percent_covered": 100.0, "percent_covered_display": "100", "missing_lines": 0, "excluded_lines": 0}, "missing_lines": [], "excluded_lines": []}, "": {"executed_lines": [1, 2, 4, 5, 10, 15, 20, 25], "summary": {"covered_lines": 8, "num_statements": 8, "percent_covered": 100.0, "percent_covered_display": "100", "missing_lines": 0, "excluded_lines": 0}, "missing_lines": [], "excluded_lines": []}}}}, "totals": {"covered_lines": 46, "num_statements": 109, "percent_covered": 42.20183486238532, "percent_covered_display": "42", "missing_lines": 63, "excluded_lines": 0}}